<?xml version="1.0" encoding="UTF-8"?>
<!-- Generated by org.testng.reporters.JUnitReportReporter -->
<testsuite hostname="LAPTOP-EATEAJ1D" failures="0" tests="2" name="com.qa.demoOrange.Test.AdminPageTest" time="1.685" errors="0" timestamp="30 Jan. 2023 18:46:20 GMT" skipped="0">
  <testcase classname="com.qa.demoOrange.Test.AdminPageTest" name="accountsPageTitleTest" time="0.023"/>
  <testcase classname="com.qa.demoOrange.Test.AdminPageTest" name="AdminClickTest" time="1.662"/>
</testsuite> <!-- com.qa.demoOrange.Test.AdminPageTest -->
